R D/xview////
R D/xvba-video////
R D/xft////
R D/xforms-x86////
R D/xforms-sparc////
R D/xforms-ppc////
R D/xfc////
R D/xclass////
R D/xcb-util-wm////
R D/xcb-util-renderutil////
R D/xcb-util-keysyms////
R D/xcb-util-image////
R D/wxPython////
R D/vdpau-video////
R D/vdk////
R D/tinyqt////
R D/qwtpolar////
R D/qt-x11////
R D/qt-openvg////
R D/qt-mobility////
R D/qt-meta////
R D/old-gtk-themes////
R D/nucleo////
R D/mx////
R D/motif-config////
R D/libzvt////
R D/libyui-qt////
R D/libyui-ncurses////
R D/libyui-gtk////
R D/libyui////
R D/libxfcegui4////
R D/libxfce4util////
R D/libxfce4mcs////
R D/libxdl_view////
R D/libwmfun////
R D/libva-intel-driver////
R D/libva////
R D/libtinynotify-systemwide////
R D/libtinynotify-cli////
R D/libtinynotify////
R D/libsynaptics////
R D/liboldX////
R D/liblbxutil////
R D/libjwc_f////
R D/libjwc_c////
R D/libgxim////
R D/libgksuui////
R D/libfm////
R D/libdesktop-agnostic////
R D/libcryptui////
R D/libaosd////
R D/libXprintUtil////
R D/libXprintAppUtil////
R D/libXaw3d////
R D/lesstif////
R D/ige-mac-integration////
R D/gtkmm-addons////
R D/gtkmm////
R D/gtkglextmm////
R D/gtkDPS////
R D/gtk-thinice-theme////
R D/gtk-thinice-engine////
R D/gtk-sharp////
R D/gtk-server////
R D/gtk-engines////
R D/gnome-pty-helper////
R D/gdkxft////
R D/gdk-pixbuf////
R D/gai////
R D/ewl////
R D/evas////
R D/etk////
R D/esmart////
R D/eprog////
R D/ecore////
R D/docklib////
R D/crux////
R D/compizconfig-backend-kconfig4////
R D/c++-gtk-utils////
R D/buffy////
R D/ViewKlass////
